[ 2016-08-24T17:00:56+08:00 ] 192.168.1.24 /novel/mobile/1033
INFO: [ route_check ] --START--
INFO: Run CheckRoute Behavior [ RunTime:0.000615s ]
INFO: [ route_check ] --END-- [ RunTime:0.000726s ]
NOTIC: [8192] preg_replace(): The /e modifier is deprecated, use preg_replace_callback instead /Applications/MAMP/htdocs/novel/ThinkPHP/Lib/Core/Dispatcher.class.php 第 120 行.
NOTIC: [8192] preg_replace(): The /e modifier is deprecated, use preg_replace_callback instead /Applications/MAMP/htdocs/novel/ThinkPHP/Common/common.php 第 92 行.
INFO: [ app_begin ] --START--
INFO: Run ReadHtmlCache Behavior [ RunTime:0.000601s ]
INFO: [ app_begin ] --END-- [ RunTime:0.000733s ]
NOTIC: [8192] mysql_connect(): The mysql extension is deprecated and will be removed in the future: use mysqli or PDO instead /Applications/MAMP/htdocs/novel/ThinkPHP/Lib/Driver/Db/DbMysql.class.php 第 55 行.
SQL: SHOW COLUMNS FROM `ck_site` [ RunTime:0.049162s ]
NOTIC: [8192] preg_replace(): The /e modifier is deprecated, use preg_replace_callback instead /Applications/MAMP/htdocs/novel/ThinkPHP/Lib/Core/Db.class.php 第 568 行.
SQL: SELECT * FROM `ck_site` WHERE ( `id` = 1 ) LIMIT 1   [ RunTime:0.075535s ]
SQL: SHOW COLUMNS FROM `ck_class` [ RunTime:0.050650s ]
NOTIC: [8192] preg_replace(): The /e modifier is deprecated, use preg_replace_callback instead /Applications/MAMP/htdocs/novel/ThinkPHP/Lib/Core/Db.class.php 第 568 行.
SQL: SELECT * FROM `ck_class`  [ RunTime:0.049881s ]
SQL: SHOW COLUMNS FROM `ck_novel` [ RunTime:0.050837s ]
NOTIC: [8192] preg_replace(): The /e modifier is deprecated, use preg_replace_callback instead /Applications/MAMP/htdocs/novel/ThinkPHP/Lib/Core/Db.class.php 第 568 行.
SQL: SELECT `novelname`,`novelauthor` FROM `ck_novel` ORDER BY rand() limit 5  [ RunTime:0.048191s ]
NOTIC: [8192] preg_replace(): The /e modifier is deprecated, use preg_replace_callback instead /Applications/MAMP/htdocs/novel/ThinkPHP/Lib/Core/Db.class.php 第 568 行.
SQL: SELECT * FROM `ck_site` WHERE ( `id` = 1 ) LIMIT 1   [ RunTime:0.061001s ]
NOTIC: [8192] preg_replace(): The /e modifier is deprecated, use preg_replace_callback instead /Applications/MAMP/htdocs/novel/ThinkPHP/Lib/Core/Db.class.php 第 568 行.
SQL: SELECT * FROM `ck_novel` WHERE ( `novelpy` LIKE  "1033" OR `id`='1033' ) LIMIT 1   [ RunTime:0.050342s ]
NOTIC: [8192] preg_replace(): The /e modifier is deprecated, use preg_replace_callback instead /Applications/MAMP/htdocs/novel/ThinkPHP/Lib/Core/Db.class.php 第 568 行.
SQL: SELECT * FROM `ck_class` WHERE ( `id` = 2 ) LIMIT 1   [ RunTime:0.054501s ]
SQL: SHOW COLUMNS FROM `ck_vol` [ RunTime:0.051450s ]
NOTIC: [8192] preg_replace(): The /e modifier is deprecated, use preg_replace_callback instead /Applications/MAMP/htdocs/novel/ThinkPHP/Lib/Core/Db.class.php 第 568 行.
SQL: SELECT * FROM `ck_vol` WHERE ( `vol_nid` = 0 )  [ RunTime:0.048375s ]
SQL: SHOW COLUMNS FROM `ck_content` [ RunTime:0.051178s ]
NOTIC: [8192] preg_replace(): The /e modifier is deprecated, use preg_replace_callback instead /Applications/MAMP/htdocs/novel/ThinkPHP/Lib/Core/Db.class.php 第 568 行.
SQL: SELECT `id`,`con_name`,`con_namepy` FROM `ck_content` WHERE ( con_nid=1033 ) ORDER BY id desc limit 9  [ RunTime:0.062998s ]
NOTIC: [8192] preg_replace(): The /e modifier is deprecated, use preg_replace_callback instead /Applications/MAMP/htdocs/novel/ThinkPHP/Lib/Core/Db.class.php 第 568 行.
SQL: SELECT `id`,`con_name`,`con_namepy` FROM `ck_content` WHERE ( `con_vid` = 1 ) AND ( `con_nid` = 1033 )  [ RunTime:0.059304s ]
INFO: [ view_template ] --START--
INFO: Run LocationTemplate Behavior [ RunTime:0.000334s ]
INFO: [ view_template ] --END-- [ RunTime:0.000439s ]
INFO: [ view_parse ] --START--
NOTIC: [8192] preg_replace(): The /e modifier is deprecated, use preg_replace_callback instead /Applications/MAMP/htdocs/novel/ThinkPHP/Lib/Template/ThinkTemplate.class.php 第 273 行.
NOTIC: [8192] preg_replace(): The /e modifier is deprecated, use preg_replace_callback instead /Applications/MAMP/htdocs/novel/ThinkPHP/Lib/Template/ThinkTemplate.class.php 第 168 行.
NOTIC: [8192] preg_replace(): The /e modifier is deprecated, use preg_replace_callback instead /Applications/MAMP/htdocs/novel/ThinkPHP/Lib/Template/ThinkTemplate.class.php 第 404 行.
NOTIC: [8192] preg_replace(): The /e modifier is deprecated, use preg_replace_callback instead /Applications/MAMP/htdocs/novel/ThinkPHP/Lib/Template/ThinkTemplate.class.php 第 404 行.
NOTIC: [8192] preg_replace(): The /e modifier is deprecated, use preg_replace_callback instead /Applications/MAMP/htdocs/novel/ThinkPHP/Lib/Template/ThinkTemplate.class.php 第 404 行.
NOTIC: [8192] preg_replace(): The /e modifier is deprecated, use preg_replace_callback instead /Applications/MAMP/htdocs/novel/ThinkPHP/Lib/Template/ThinkTemplate.class.php 第 404 行.
NOTIC: [8192] preg_replace(): The /e modifier is deprecated, use preg_replace_callback instead /Applications/MAMP/htdocs/novel/ThinkPHP/Lib/Template/ThinkTemplate.class.php 第 404 行.
NOTIC: [8192] preg_replace(): The /e modifier is deprecated, use preg_replace_callback instead /Applications/MAMP/htdocs/novel/ThinkPHP/Lib/Template/ThinkTemplate.class.php 第 404 行.
NOTIC: [8192] preg_replace(): The /e modifier is deprecated, use preg_replace_callback instead /Applications/MAMP/htdocs/novel/ThinkPHP/Lib/Template/ThinkTemplate.class.php 第 404 行.
NOTIC: [8192] preg_replace(): The /e modifier is deprecated, use preg_replace_callback instead /Applications/MAMP/htdocs/novel/ThinkPHP/Lib/Template/ThinkTemplate.class.php 第 404 行.
NOTIC: [8192] preg_replace(): The /e modifier is deprecated, use preg_replace_callback instead /Applications/MAMP/htdocs/novel/ThinkPHP/Lib/Template/ThinkTemplate.class.php 第 273 行.
NOTIC: [8192] preg_replace(): The /e modifier is deprecated, use preg_replace_callback instead /Applications/MAMP/htdocs/novel/ThinkPHP/Lib/Template/ThinkTemplate.class.php 第 168 行.
NOTIC: [8192] preg_replace(): The /e modifier is deprecated, use preg_replace_callback instead /Applications/MAMP/htdocs/novel/ThinkPHP/Lib/Template/ThinkTemplate.class.php 第 404 行.
NOTIC: [8192] preg_replace(): The /e modifier is deprecated, use preg_replace_callback instead /Applications/MAMP/htdocs/novel/ThinkPHP/Lib/Template/ThinkTemplate.class.php 第 404 行.
NOTIC: [8192] preg_replace(): The /e modifier is deprecated, use preg_replace_callback instead /Applications/MAMP/htdocs/novel/ThinkPHP/Lib/Template/ThinkTemplate.class.php 第 404 行.
NOTIC: [8192] preg_replace(): The /e modifier is deprecated, use preg_replace_callback instead /Applications/MAMP/htdocs/novel/ThinkPHP/Lib/Template/ThinkTemplate.class.php 第 404 行.
NOTIC: [8192] preg_replace(): The /e modifier is deprecated, use preg_replace_callback instead /Applications/MAMP/htdocs/novel/ThinkPHP/Lib/Template/ThinkTemplate.class.php 第 404 行.
NOTIC: [8192] preg_replace(): The /e modifier is deprecated, use preg_replace_callback instead /Applications/MAMP/htdocs/novel/ThinkPHP/Lib/Template/ThinkTemplate.class.php 第 404 行.
NOTIC: [8192] preg_replace(): The /e modifier is deprecated, use preg_replace_callback instead /Applications/MAMP/htdocs/novel/ThinkPHP/Lib/Template/ThinkTemplate.class.php 第 404 行.
NOTIC: [8192] preg_replace(): The /e modifier is deprecated, use preg_replace_callback instead /Applications/MAMP/htdocs/novel/ThinkPHP/Lib/Template/ThinkTemplate.class.php 第 404 行.
NOTIC: [8192] preg_replace(): The /e modifier is deprecated, use preg_replace_callback instead /Applications/MAMP/htdocs/novel/ThinkPHP/Lib/Template/ThinkTemplate.class.php 第 404 行.
NOTIC: [8192] preg_replace(): The /e modifier is deprecated, use preg_replace_callback instead /Applications/MAMP/htdocs/novel/ThinkPHP/Lib/Template/ThinkTemplate.class.php 第 404 行.
NOTIC: [8192] preg_replace(): The /e modifier is deprecated, use preg_replace_callback instead /Applications/MAMP/htdocs/novel/ThinkPHP/Lib/Template/ThinkTemplate.class.php 第 404 行.
NOTIC: [8192] preg_replace(): The /e modifier is deprecated, use preg_replace_callback instead /Applications/MAMP/htdocs/novel/ThinkPHP/Lib/Template/ThinkTemplate.class.php 第 404 行.
NOTIC: [8192] preg_replace(): The /e modifier is deprecated, use preg_replace_callback instead /Applications/MAMP/htdocs/novel/ThinkPHP/Lib/Template/ThinkTemplate.class.php 第 399 行.
NOTIC: [8192] preg_replace(): The /e modifier is deprecated, use preg_replace_callback instead /Applications/MAMP/htdocs/novel/ThinkPHP/Lib/Template/ThinkTemplate.class.php 第 399 行.
NOTIC: [8192] preg_replace(): The /e modifier is deprecated, use preg_replace_callback instead /Applications/MAMP/htdocs/novel/ThinkPHP/Lib/Template/ThinkTemplate.class.php 第 404 行.
NOTIC: [8192] preg_replace(): The /e modifier is deprecated, use preg_replace_callback instead /Applications/MAMP/htdocs/novel/ThinkPHP/Lib/Template/ThinkTemplate.class.php 第 404 行.
NOTIC: [8192] preg_replace(): The /e modifier is deprecated, use preg_replace_callback instead /Applications/MAMP/htdocs/novel/ThinkPHP/Lib/Template/ThinkTemplate.class.php 第 404 行.
NOTIC: [8192] preg_replace(): The /e modifier is deprecated, use preg_replace_callback instead /Applications/MAMP/htdocs/novel/ThinkPHP/Lib/Template/ThinkTemplate.class.php 第 399 行.
NOTIC: [8192] preg_replace(): The /e modifier is deprecated, use preg_replace_callback instead /Applications/MAMP/htdocs/novel/ThinkPHP/Lib/Template/ThinkTemplate.class.php 第 404 行.
NOTIC: [8192] preg_replace(): The /e modifier is deprecated, use preg_replace_callback instead /Applications/MAMP/htdocs/novel/ThinkPHP/Lib/Template/ThinkTemplate.class.php 第 404 行.
NOTIC: [8192] preg_replace(): The /e modifier is deprecated, use preg_replace_callback instead /Applications/MAMP/htdocs/novel/ThinkPHP/Lib/Template/ThinkTemplate.class.php 第 404 行.
NOTIC: [8192] preg_replace(): The /e modifier is deprecated, use preg_replace_callback instead /Applications/MAMP/htdocs/novel/ThinkPHP/Lib/Template/ThinkTemplate.class.php 第 404 行.
NOTIC: [8192] preg_replace(): The /e modifier is deprecated, use preg_replace_callback instead /Applications/MAMP/htdocs/novel/ThinkPHP/Lib/Template/ThinkTemplate.class.php 第 404 行.
NOTIC: [8192] preg_replace(): The /e modifier is deprecated, use preg_replace_callback instead /Applications/MAMP/htdocs/novel/ThinkPHP/Lib/Template/ThinkTemplate.class.php 第 404 行.
NOTIC: [8192] preg_replace(): The /e modifier is deprecated, use preg_replace_callback instead /Applications/MAMP/htdocs/novel/ThinkPHP/Lib/Template/ThinkTemplate.class.php 第 404 行.
NOTIC: [8192] preg_replace(): The /e modifier is deprecated, use preg_replace_callback instead /Applications/MAMP/htdocs/novel/ThinkPHP/Lib/Template/ThinkTemplate.class.php 第 404 行.
NOTIC: [8192] preg_replace(): The /e modifier is deprecated, use preg_replace_callback instead /Applications/MAMP/htdocs/novel/ThinkPHP/Lib/Template/ThinkTemplate.class.php 第 404 行.
NOTIC: [8192] preg_replace(): The /e modifier is deprecated, use preg_replace_callback instead /Applications/MAMP/htdocs/novel/ThinkPHP/Lib/Template/ThinkTemplate.class.php 第 404 行.
NOTIC: [8192] preg_replace(): The /e modifier is deprecated, use preg_replace_callback instead /Applications/MAMP/htdocs/novel/ThinkPHP/Lib/Template/ThinkTemplate.class.php 第 404 行.
NOTIC: [8192] preg_replace(): The /e modifier is deprecated, use preg_replace_callback instead /Applications/MAMP/htdocs/novel/ThinkPHP/Lib/Template/ThinkTemplate.class.php 第 404 行.
NOTIC: [8192] preg_replace(): The /e modifier is deprecated, use preg_replace_callback instead /Applications/MAMP/htdocs/novel/ThinkPHP/Lib/Template/ThinkTemplate.class.php 第 404 行.
NOTIC: [8192] preg_replace(): The /e modifier is deprecated, use preg_replace_callback instead /Applications/MAMP/htdocs/novel/ThinkPHP/Lib/Template/ThinkTemplate.class.php 第 404 行.
NOTIC: [8192] preg_replace(): The /e modifier is deprecated, use preg_replace_callback instead /Applications/MAMP/htdocs/novel/ThinkPHP/Lib/Template/ThinkTemplate.class.php 第 404 行.
NOTIC: [8192] preg_replace(): The /e modifier is deprecated, use preg_replace_callback instead /Applications/MAMP/htdocs/novel/ThinkPHP/Lib/Template/ThinkTemplate.class.php 第 404 行.
NOTIC: [8192] preg_replace(): The /e modifier is deprecated, use preg_replace_callback instead /Applications/MAMP/htdocs/novel/ThinkPHP/Lib/Template/ThinkTemplate.class.php 第 404 行.
NOTIC: [8192] preg_replace(): The /e modifier is deprecated, use preg_replace_callback instead /Applications/MAMP/htdocs/novel/ThinkPHP/Lib/Template/ThinkTemplate.class.php 第 404 行.
NOTIC: [8192] preg_replace(): The /e modifier is deprecated, use preg_replace_callback instead /Applications/MAMP/htdocs/novel/ThinkPHP/Lib/Template/ThinkTemplate.class.php 第 404 行.
NOTIC: [8192] preg_replace(): The /e modifier is deprecated, use preg_replace_callback instead /Applications/MAMP/htdocs/novel/ThinkPHP/Lib/Template/ThinkTemplate.class.php 第 404 行.
NOTIC: [8192] preg_replace(): The /e modifier is deprecated, use preg_replace_callback instead /Applications/MAMP/htdocs/novel/ThinkPHP/Lib/Template/ThinkTemplate.class.php 第 404 行.
NOTIC: [8192] preg_replace(): The /e modifier is deprecated, use preg_replace_callback instead /Applications/MAMP/htdocs/novel/ThinkPHP/Lib/Template/ThinkTemplate.class.php 第 404 行.
NOTIC: [8192] preg_replace(): The /e modifier is deprecated, use preg_replace_callback instead /Applications/MAMP/htdocs/novel/ThinkPHP/Lib/Template/ThinkTemplate.class.php 第 404 行.
NOTIC: [8192] preg_replace(): The /e modifier is deprecated, use preg_replace_callback instead /Applications/MAMP/htdocs/novel/ThinkPHP/Lib/Template/ThinkTemplate.class.php 第 404 行.
NOTIC: [8192] preg_replace(): The /e modifier is deprecated, use preg_replace_callback instead /Applications/MAMP/htdocs/novel/ThinkPHP/Lib/Template/ThinkTemplate.class.php 第 404 行.
NOTIC: [8192] preg_replace(): The /e modifier is deprecated, use preg_replace_callback instead /Applications/MAMP/htdocs/novel/ThinkPHP/Lib/Template/ThinkTemplate.class.php 第 404 行.
NOTIC: [8192] preg_replace(): The /e modifier is deprecated, use preg_replace_callback instead /Applications/MAMP/htdocs/novel/ThinkPHP/Lib/Template/ThinkTemplate.class.php 第 404 行.
NOTIC: [8192] preg_replace(): The /e modifier is deprecated, use preg_replace_callback instead /Applications/MAMP/htdocs/novel/ThinkPHP/Lib/Template/ThinkTemplate.class.php 第 404 行.
NOTIC: [8192] preg_replace(): The /e modifier is deprecated, use preg_replace_callback instead /Applications/MAMP/htdocs/novel/ThinkPHP/Lib/Template/ThinkTemplate.class.php 第 404 行.
NOTIC: [8192] preg_replace(): The /e modifier is deprecated, use preg_replace_callback instead /Applications/MAMP/htdocs/novel/ThinkPHP/Lib/Template/ThinkTemplate.class.php 第 404 行.
NOTIC: [8192] preg_replace(): The /e modifier is deprecated, use preg_replace_callback instead /Applications/MAMP/htdocs/novel/ThinkPHP/Lib/Template/ThinkTemplate.class.php 第 404 行.
NOTIC: [8192] preg_replace(): The /e modifier is deprecated, use preg_replace_callback instead /Applications/MAMP/htdocs/novel/ThinkPHP/Lib/Template/ThinkTemplate.class.php 第 404 行.
NOTIC: [8192] preg_replace(): The /e modifier is deprecated, use preg_replace_callback instead /Applications/MAMP/htdocs/novel/ThinkPHP/Lib/Template/ThinkTemplate.class.php 第 404 行.
NOTIC: [8192] preg_replace(): The /e modifier is deprecated, use preg_replace_callback instead /Applications/MAMP/htdocs/novel/ThinkPHP/Lib/Template/ThinkTemplate.class.php 第 404 行.
NOTIC: [8192] preg_replace(): The /e modifier is deprecated, use preg_replace_callback instead /Applications/MAMP/htdocs/novel/ThinkPHP/Lib/Template/ThinkTemplate.class.php 第 404 行.
NOTIC: [8192] preg_replace(): The /e modifier is deprecated, use preg_replace_callback instead /Applications/MAMP/htdocs/novel/ThinkPHP/Lib/Template/ThinkTemplate.class.php 第 404 行.
NOTIC: [8192] preg_replace(): The /e modifier is deprecated, use preg_replace_callback instead /Applications/MAMP/htdocs/novel/ThinkPHP/Lib/Template/ThinkTemplate.class.php 第 404 行.
NOTIC: [8192] preg_replace(): The /e modifier is deprecated, use preg_replace_callback instead /Applications/MAMP/htdocs/novel/ThinkPHP/Lib/Template/ThinkTemplate.class.php 第 404 行.
NOTIC: [8192] preg_replace(): The /e modifier is deprecated, use preg_replace_callback instead /Applications/MAMP/htdocs/novel/ThinkPHP/Lib/Template/ThinkTemplate.class.php 第 404 行.
NOTIC: [8192] preg_replace(): The /e modifier is deprecated, use preg_replace_callback instead /Applications/MAMP/htdocs/novel/ThinkPHP/Lib/Template/ThinkTemplate.class.php 第 404 行.
NOTIC: [8192] preg_replace(): The /e modifier is deprecated, use preg_replace_callback instead /Applications/MAMP/htdocs/novel/ThinkPHP/Lib/Template/ThinkTemplate.class.php 第 404 行.
NOTIC: [8192] preg_replace(): The /e modifier is deprecated, use preg_replace_callback instead /Applications/MAMP/htdocs/novel/ThinkPHP/Lib/Template/ThinkTemplate.class.php 第 404 行.
NOTIC: [8192] preg_replace(): The /e modifier is deprecated, use preg_replace_callback instead /Applications/MAMP/htdocs/novel/ThinkPHP/Lib/Template/ThinkTemplate.class.php 第 404 行.
NOTIC: [8192] preg_replace(): The /e modifier is deprecated, use preg_replace_callback instead /Applications/MAMP/htdocs/novel/ThinkPHP/Lib/Template/ThinkTemplate.class.php 第 404 行.
NOTIC: [8192] preg_replace(): The /e modifier is deprecated, use preg_replace_callback instead /Applications/MAMP/htdocs/novel/ThinkPHP/Lib/Template/ThinkTemplate.class.php 第 404 行.
NOTIC: [8192] preg_replace(): The /e modifier is deprecated, use preg_replace_callback instead /Applications/MAMP/htdocs/novel/ThinkPHP/Lib/Template/ThinkTemplate.class.php 第 404 行.
NOTIC: [8192] preg_replace(): The /e modifier is deprecated, use preg_replace_callback instead /Applications/MAMP/htdocs/novel/ThinkPHP/Lib/Template/ThinkTemplate.class.php 第 404 行.
NOTIC: [8192] preg_replace(): The /e modifier is deprecated, use preg_replace_callback instead /Applications/MAMP/htdocs/novel/ThinkPHP/Lib/Template/ThinkTemplate.class.php 第 404 行.
NOTIC: [8192] preg_replace(): The /e modifier is deprecated, use preg_replace_callback instead /Applications/MAMP/htdocs/novel/ThinkPHP/Lib/Template/ThinkTemplate.class.php 第 404 行.
NOTIC: [8192] preg_replace(): The /e modifier is deprecated, use preg_replace_callback instead /Applications/MAMP/htdocs/novel/ThinkPHP/Lib/Template/ThinkTemplate.class.php 第 404 行.
NOTIC: [8192] preg_replace(): The /e modifier is deprecated, use preg_replace_callback instead /Applications/MAMP/htdocs/novel/ThinkPHP/Lib/Template/ThinkTemplate.class.php 第 404 行.
NOTIC: [8192] preg_replace(): The /e modifier is deprecated, use preg_replace_callback instead /Applications/MAMP/htdocs/novel/ThinkPHP/Lib/Template/ThinkTemplate.class.php 第 404 行.
NOTIC: [8192] preg_replace(): The /e modifier is deprecated, use preg_replace_callback instead /Applications/MAMP/htdocs/novel/ThinkPHP/Lib/Template/ThinkTemplate.class.php 第 404 行.
NOTIC: [8192] preg_replace(): The /e modifier is deprecated, use preg_replace_callback instead /Applications/MAMP/htdocs/novel/ThinkPHP/Lib/Template/ThinkTemplate.class.php 第 404 行.
NOTIC: [8192] preg_replace(): The /e modifier is deprecated, use preg_replace_callback instead /Applications/MAMP/htdocs/novel/ThinkPHP/Lib/Template/ThinkTemplate.class.php 第 404 行.
NOTIC: [8192] preg_replace(): The /e modifier is deprecated, use preg_replace_callback instead /Applications/MAMP/htdocs/novel/ThinkPHP/Lib/Template/ThinkTemplate.class.php 第 404 行.
NOTIC: [8192] preg_replace(): The /e modifier is deprecated, use preg_replace_callback instead /Applications/MAMP/htdocs/novel/ThinkPHP/Lib/Template/ThinkTemplate.class.php 第 404 行.
NOTIC: [8192] preg_replace(): The /e modifier is deprecated, use preg_replace_callback instead /Applications/MAMP/htdocs/novel/ThinkPHP/Lib/Template/ThinkTemplate.class.php 第 404 行.
NOTIC: [8192] preg_replace(): The /e modifier is deprecated, use preg_replace_callback instead /Applications/MAMP/htdocs/novel/ThinkPHP/Lib/Template/ThinkTemplate.class.php 第 404 行.
NOTIC: [8192] preg_replace(): The /e modifier is deprecated, use preg_replace_callback instead /Applications/MAMP/htdocs/novel/ThinkPHP/Lib/Template/ThinkTemplate.class.php 第 404 行.
NOTIC: [8192] preg_replace(): The /e modifier is deprecated, use preg_replace_callback instead /Applications/MAMP/htdocs/novel/ThinkPHP/Lib/Template/ThinkTemplate.class.php 第 404 行.
NOTIC: [8192] preg_replace(): The /e modifier is deprecated, use preg_replace_callback instead /Applications/MAMP/htdocs/novel/ThinkPHP/Lib/Template/ThinkTemplate.class.php 第 404 行.
NOTIC: [8192] preg_replace(): The /e modifier is deprecated, use preg_replace_callback instead /Applications/MAMP/htdocs/novel/ThinkPHP/Lib/Template/ThinkTemplate.class.php 第 404 行.
NOTIC: [8192] preg_replace(): The /e modifier is deprecated, use preg_replace_callback instead /Applications/MAMP/htdocs/novel/ThinkPHP/Lib/Template/ThinkTemplate.class.php 第 404 行.
NOTIC: [8192] preg_replace(): The /e modifier is deprecated, use preg_replace_callback instead /Applications/MAMP/htdocs/novel/ThinkPHP/Lib/Template/ThinkTemplate.class.php 第 404 行.
NOTIC: [8192] preg_replace(): The /e modifier is deprecated, use preg_replace_callback instead /Applications/MAMP/htdocs/novel/ThinkPHP/Lib/Template/ThinkTemplate.class.php 第 404 行.
NOTIC: [8192] preg_replace(): The /e modifier is deprecated, use preg_replace_callback instead /Applications/MAMP/htdocs/novel/ThinkPHP/Lib/Template/ThinkTemplate.class.php 第 399 行.
NOTIC: [8192] preg_replace(): The /e modifier is deprecated, use preg_replace_callback instead /Applications/MAMP/htdocs/novel/ThinkPHP/Lib/Template/ThinkTemplate.class.php 第 399 行.
NOTIC: [8192] preg_replace(): The /e modifier is deprecated, use preg_replace_callback instead /Applications/MAMP/htdocs/novel/ThinkPHP/Lib/Template/ThinkTemplate.class.php 第 399 行.
NOTIC: [8192] preg_replace(): The /e modifier is deprecated, use preg_replace_callback instead /Applications/MAMP/htdocs/novel/ThinkPHP/Lib/Template/ThinkTemplate.class.php 第 399 行.
NOTIC: [8192] preg_replace(): The /e modifier is deprecated, use preg_replace_callback instead /Applications/MAMP/htdocs/novel/ThinkPHP/Lib/Template/ThinkTemplate.class.php 第 399 行.
NOTIC: [8192] preg_replace(): The /e modifier is deprecated, use preg_replace_callback instead /Applications/MAMP/htdocs/novel/ThinkPHP/Lib/Template/ThinkTemplate.class.php 第 399 行.
NOTIC: [8192] preg_replace(): The /e modifier is deprecated, use preg_replace_callback instead /Applications/MAMP/htdocs/novel/ThinkPHP/Lib/Template/ThinkTemplate.class.php 第 404 行.
NOTIC: [8192] preg_replace(): The /e modifier is deprecated, use preg_replace_callback instead /Applications/MAMP/htdocs/novel/ThinkPHP/Lib/Template/ThinkTemplate.class.php 第 404 行.
NOTIC: [8192] preg_replace(): The /e modifier is deprecated, use preg_replace_callback instead /Applications/MAMP/htdocs/novel/ThinkPHP/Lib/Template/ThinkTemplate.class.php 第 404 行.
NOTIC: [8192] preg_replace(): The /e modifier is deprecated, use preg_replace_callback instead /Applications/MAMP/htdocs/novel/ThinkPHP/Lib/Template/ThinkTemplate.class.php 第 197 行.
NOTIC: [8192] preg_replace(): The /e modifier is deprecated, use preg_replace_callback instead /Applications/MAMP/htdocs/novel/ThinkPHP/Lib/Template/ThinkTemplate.class.php 第 404 行.
NOTIC: [8192] preg_replace(): The /e modifier is deprecated, use preg_replace_callback instead /Applications/MAMP/htdocs/novel/ThinkPHP/Lib/Template/ThinkTemplate.class.php 第 273 行.
NOTIC: [8192] preg_replace(): The /e modifier is deprecated, use preg_replace_callback instead /Applications/MAMP/htdocs/novel/ThinkPHP/Lib/Template/ThinkTemplate.class.php 第 168 行.
NOTIC: [8192] preg_replace(): The /e modifier is deprecated, use preg_replace_callback instead /Applications/MAMP/htdocs/novel/ThinkPHP/Lib/Template/ThinkTemplate.class.php 第 404 行.
NOTIC: [8192] preg_replace(): The /e modifier is deprecated, use preg_replace_callback instead /Applications/MAMP/htdocs/novel/ThinkPHP/Lib/Template/ThinkTemplate.class.php 第 404 行.
NOTIC: [8192] preg_replace(): The /e modifier is deprecated, use preg_replace_callback instead /Applications/MAMP/htdocs/novel/ThinkPHP/Lib/Template/ThinkTemplate.class.php 第 404 行.
NOTIC: [8192] preg_replace(): The /e modifier is deprecated, use preg_replace_callback instead /Applications/MAMP/htdocs/novel/ThinkPHP/Lib/Template/ThinkTemplate.class.php 第 404 行.
NOTIC: [8192] preg_replace(): The /e modifier is deprecated, use preg_replace_callback instead /Applications/MAMP/htdocs/novel/ThinkPHP/Lib/Template/ThinkTemplate.class.php 第 404 行.
NOTIC: [8192] preg_replace(): The /e modifier is deprecated, use preg_replace_callback instead /Applications/MAMP/htdocs/novel/ThinkPHP/Lib/Template/ThinkTemplate.class.php 第 404 行.
NOTIC: [8192] preg_replace(): The /e modifier is deprecated, use preg_replace_callback instead /Applications/MAMP/htdocs/novel/ThinkPHP/Lib/Template/ThinkTemplate.class.php 第 404 行.
NOTIC: [8192] preg_replace(): The /e modifier is deprecated, use preg_replace_callback instead /Applications/MAMP/htdocs/novel/ThinkPHP/Lib/Template/ThinkTemplate.class.php 第 404 行.
NOTIC: [8192] preg_replace(): The /e modifier is deprecated, use preg_replace_callback instead /Applications/MAMP/htdocs/novel/ThinkPHP/Lib/Template/ThinkTemplate.class.php 第 404 行.
NOTIC: [8192] preg_replace(): The /e modifier is deprecated, use preg_replace_callback instead /Applications/MAMP/htdocs/novel/ThinkPHP/Lib/Template/ThinkTemplate.class.php 第 404 行.
NOTIC: [8192] preg_replace(): The /e modifier is deprecated, use preg_replace_callback instead /Applications/MAMP/htdocs/novel/ThinkPHP/Lib/Template/ThinkTemplate.class.php 第 404 行.
NOTIC: [8192] preg_replace(): The /e modifier is deprecated, use preg_replace_callback instead /Applications/MAMP/htdocs/novel/ThinkPHP/Lib/Template/ThinkTemplate.class.php 第 404 行.
NOTIC: [8192] preg_replace(): The /e modifier is deprecated, use preg_replace_callback instead /Applications/MAMP/htdocs/novel/ThinkPHP/Lib/Template/ThinkTemplate.class.php 第 399 行.
NOTIC: [8192] preg_replace(): The /e modifier is deprecated, use preg_replace_callback instead /Applications/MAMP/htdocs/novel/ThinkPHP/Lib/Template/ThinkTemplate.class.php 第 399 行.
NOTIC: [8192] preg_replace(): The /e modifier is deprecated, use preg_replace_callback instead /Applications/MAMP/htdocs/novel/ThinkPHP/Lib/Template/ThinkTemplate.class.php 第 404 行.
NOTIC: [8192] preg_replace(): The /e modifier is deprecated, use preg_replace_callback instead /Applications/MAMP/htdocs/novel/ThinkPHP/Lib/Template/ThinkTemplate.class.php 第 404 行.
NOTIC: [8192] preg_replace(): The /e modifier is deprecated, use preg_replace_callback instead /Applications/MAMP/htdocs/novel/ThinkPHP/Lib/Template/ThinkTemplate.class.php 第 404 行.
NOTIC: [8192] preg_replace(): The /e modifier is deprecated, use preg_replace_callback instead /Applications/MAMP/htdocs/novel/ThinkPHP/Lib/Template/ThinkTemplate.class.php 第 399 行.
NOTIC: [8192] preg_replace(): The /e modifier is deprecated, use preg_replace_callback instead /Applications/MAMP/htdocs/novel/ThinkPHP/Lib/Template/ThinkTemplate.class.php 第 404 行.
NOTIC: [8192] preg_replace(): The /e modifier is deprecated, use preg_replace_callback instead /Applications/MAMP/htdocs/novel/ThinkPHP/Lib/Template/ThinkTemplate.class.php 第 404 行.
NOTIC: [8192] preg_replace(): The /e modifier is deprecated, use preg_replace_callback instead /Applications/MAMP/htdocs/novel/ThinkPHP/Lib/Template/ThinkTemplate.class.php 第 404 行.
NOTIC: [8192] preg_replace(): The /e modifier is deprecated, use preg_replace_callback instead /Applications/MAMP/htdocs/novel/ThinkPHP/Lib/Template/ThinkTemplate.class.php 第 404 行.
NOTIC: [8192] preg_replace(): The /e modifier is deprecated, use preg_replace_callback instead /Applications/MAMP/htdocs/novel/ThinkPHP/Lib/Template/ThinkTemplate.class.php 第 404 行.
NOTIC: [8192] preg_replace(): The /e modifier is deprecated, use preg_replace_callback instead /Applications/MAMP/htdocs/novel/ThinkPHP/Lib/Template/ThinkTemplate.class.php 第 404 行.
NOTIC: [8192] preg_replace(): The /e modifier is deprecated, use preg_replace_callback instead /Applications/MAMP/htdocs/novel/ThinkPHP/Lib/Template/ThinkTemplate.class.php 第 404 行.
NOTIC: [8192] preg_replace(): The /e modifier is deprecated, use preg_replace_callback instead /Applications/MAMP/htdocs/novel/ThinkPHP/Lib/Template/ThinkTemplate.class.php 第 404 行.
NOTIC: [8192] preg_replace(): The /e modifier is deprecated, use preg_replace_callback instead /Applications/MAMP/htdocs/novel/ThinkPHP/Lib/Template/ThinkTemplate.class.php 第 404 行.
NOTIC: [8192] preg_replace(): The /e modifier is deprecated, use preg_replace_callback instead /Applications/MAMP/htdocs/novel/ThinkPHP/Lib/Template/ThinkTemplate.class.php 第 404 行.
NOTIC: [8192] preg_replace(): The /e modifier is deprecated, use preg_replace_callback instead /Applications/MAMP/htdocs/novel/ThinkPHP/Lib/Template/ThinkTemplate.class.php 第 404 行.
NOTIC: [8192] preg_replace(): The /e modifier is deprecated, use preg_replace_callback instead /Applications/MAMP/htdocs/novel/ThinkPHP/Lib/Template/ThinkTemplate.class.php 第 404 行.
NOTIC: [8192] preg_replace(): The /e modifier is deprecated, use preg_replace_callback instead /Applications/MAMP/htdocs/novel/ThinkPHP/Lib/Template/ThinkTemplate.class.php 第 404 行.
NOTIC: [8192] preg_replace(): The /e modifier is deprecated, use preg_replace_callback instead /Applications/MAMP/htdocs/novel/ThinkPHP/Lib/Template/ThinkTemplate.class.php 第 404 行.
NOTIC: [8192] preg_replace(): The /e modifier is deprecated, use preg_replace_callback instead /Applications/MAMP/htdocs/novel/ThinkPHP/Lib/Template/ThinkTemplate.class.php 第 404 行.
NOTIC: [8192] preg_replace(): The /e modifier is deprecated, use preg_replace_callback instead /Applications/MAMP/htdocs/novel/ThinkPHP/Lib/Template/ThinkTemplate.class.php 第 404 行.
NOTIC: [8192] preg_replace(): The /e modifier is deprecated, use preg_replace_callback instead /Applications/MAMP/htdocs/novel/ThinkPHP/Lib/Template/ThinkTemplate.class.php 第 404 行.
NOTIC: [8192] preg_replace(): The /e modifier is deprecated, use preg_replace_callback instead /Applications/MAMP/htdocs/novel/ThinkPHP/Lib/Template/ThinkTemplate.class.php 第 404 行.
NOTIC: [8192] preg_replace(): The /e modifier is deprecated, use preg_replace_callback instead /Applications/MAMP/htdocs/novel/ThinkPHP/Lib/Template/ThinkTemplate.class.php 第 404 行.
NOTIC: [8192] preg_replace(): The /e modifier is deprecated, use preg_replace_callback instead /Applications/MAMP/htdocs/novel/ThinkPHP/Lib/Template/ThinkTemplate.class.php 第 404 行.
NOTIC: [8192] preg_replace(): The /e modifier is deprecated, use preg_replace_callback instead /Applications/MAMP/htdocs/novel/ThinkPHP/Lib/Template/ThinkTemplate.class.php 第 404 行.
NOTIC: [8192] preg_replace(): The /e modifier is deprecated, use preg_replace_callback instead /Applications/MAMP/htdocs/novel/ThinkPHP/Lib/Template/ThinkTemplate.class.php 第 404 行.
NOTIC: [8192] preg_replace(): The /e modifier is deprecated, use preg_replace_callback instead /Applications/MAMP/htdocs/novel/ThinkPHP/Lib/Template/ThinkTemplate.class.php 第 404 行.
NOTIC: [8192] preg_replace(): The /e modifier is deprecated, use preg_replace_callback instead /Applications/MAMP/htdocs/novel/ThinkPHP/Lib/Template/ThinkTemplate.class.php 第 404 行.
NOTIC: [8192] preg_replace(): The /e modifier is deprecated, use preg_replace_callback instead /Applications/MAMP/htdocs/novel/ThinkPHP/Lib/Template/ThinkTemplate.class.php 第 404 行.
NOTIC: [8192] preg_replace(): The /e modifier is deprecated, use preg_replace_callback instead /Applications/MAMP/htdocs/novel/ThinkPHP/Lib/Template/ThinkTemplate.class.php 第 404 行.
NOTIC: [8192] preg_replace(): The /e modifier is deprecated, use preg_replace_callback instead /Applications/MAMP/htdocs/novel/ThinkPHP/Lib/Template/ThinkTemplate.class.php 第 404 行.
NOTIC: [8192] preg_replace(): The /e modifier is deprecated, use preg_replace_callback instead /Applications/MAMP/htdocs/novel/ThinkPHP/Lib/Template/ThinkTemplate.class.php 第 404 行.
NOTIC: [8192] preg_replace(): The /e modifier is deprecated, use preg_replace_callback instead /Applications/MAMP/htdocs/novel/ThinkPHP/Lib/Template/ThinkTemplate.class.php 第 404 行.
NOTIC: [8192] preg_replace(): The /e modifier is deprecated, use preg_replace_callback instead /Applications/MAMP/htdocs/novel/ThinkPHP/Lib/Template/ThinkTemplate.class.php 第 404 行.
NOTIC: [8192] preg_replace(): The /e modifier is deprecated, use preg_replace_callback instead /Applications/MAMP/htdocs/novel/ThinkPHP/Lib/Template/ThinkTemplate.class.php 第 404 行.
NOTIC: [8192] preg_replace(): The /e modifier is deprecated, use preg_replace_callback instead /Applications/MAMP/htdocs/novel/ThinkPHP/Lib/Template/ThinkTemplate.class.php 第 404 行.
NOTIC: [8192] preg_replace(): The /e modifier is deprecated, use preg_replace_callback instead /Applications/MAMP/htdocs/novel/ThinkPHP/Lib/Template/ThinkTemplate.class.php 第 404 行.
NOTIC: [8192] preg_replace(): The /e modifier is deprecated, use preg_replace_callback instead /Applications/MAMP/htdocs/novel/ThinkPHP/Lib/Template/ThinkTemplate.class.php 第 404 行.
NOTIC: [8192] preg_replace(): The /e modifier is deprecated, use preg_replace_callback instead /Applications/MAMP/htdocs/novel/ThinkPHP/Lib/Template/ThinkTemplate.class.php 第 404 行.
NOTIC: [8192] preg_replace(): The /e modifier is deprecated, use preg_replace_callback instead /Applications/MAMP/htdocs/novel/ThinkPHP/Lib/Template/ThinkTemplate.class.php 第 404 行.
NOTIC: [8192] preg_replace(): The /e modifier is deprecated, use preg_replace_callback instead /Applications/MAMP/htdocs/novel/ThinkPHP/Lib/Template/ThinkTemplate.class.php 第 404 行.
NOTIC: [8192] preg_replace(): The /e modifier is deprecated, use preg_replace_callback instead /Applications/MAMP/htdocs/novel/ThinkPHP/Lib/Template/ThinkTemplate.class.php 第 404 行.
NOTIC: [8192] preg_replace(): The /e modifier is deprecated, use preg_replace_callback instead /Applications/MAMP/htdocs/novel/ThinkPHP/Lib/Template/ThinkTemplate.class.php 第 404 行.
NOTIC: [8192] preg_replace(): The /e modifier is deprecated, use preg_replace_callback instead /Applications/MAMP/htdocs/novel/ThinkPHP/Lib/Template/ThinkTemplate.class.php 第 404 行.
NOTIC: [8192] preg_replace(): The /e modifier is deprecated, use preg_replace_callback instead /Applications/MAMP/htdocs/novel/ThinkPHP/Lib/Template/ThinkTemplate.class.php 第 404 行.
NOTIC: [8192] preg_replace(): The /e modifier is deprecated, use preg_replace_callback instead /Applications/MAMP/htdocs/novel/ThinkPHP/Lib/Template/ThinkTemplate.class.php 第 404 行.
NOTIC: [8192] preg_replace(): The /e modifier is deprecated, use preg_replace_callback instead /Applications/MAMP/htdocs/novel/ThinkPHP/Lib/Template/ThinkTemplate.class.php 第 404 行.
NOTIC: [8192] preg_replace(): The /e modifier is deprecated, use preg_replace_callback instead /Applications/MAMP/htdocs/novel/ThinkPHP/Lib/Template/ThinkTemplate.class.php 第 404 行.
NOTIC: [8192] preg_replace(): The /e modifier is deprecated, use preg_replace_callback instead /Applications/MAMP/htdocs/novel/ThinkPHP/Lib/Template/ThinkTemplate.class.php 第 404 行.
NOTIC: [8192] preg_replace(): The /e modifier is deprecated, use preg_replace_callback instead /Applications/MAMP/htdocs/novel/ThinkPHP/Lib/Template/ThinkTemplate.class.php 第 404 行.
NOTIC: [8192] preg_replace(): The /e modifier is deprecated, use preg_replace_callback instead /Applications/MAMP/htdocs/novel/ThinkPHP/Lib/Template/ThinkTemplate.class.php 第 404 行.
NOTIC: [8192] preg_replace(): The /e modifier is deprecated, use preg_replace_callback instead /Applications/MAMP/htdocs/novel/ThinkPHP/Lib/Template/ThinkTemplate.class.php 第 404 行.
NOTIC: [8192] preg_replace(): The /e modifier is deprecated, use preg_replace_callback instead /Applications/MAMP/htdocs/novel/ThinkPHP/Lib/Template/ThinkTemplate.class.php 第 404 行.
NOTIC: [8192] preg_replace(): The /e modifier is deprecated, use preg_replace_callback instead /Applications/MAMP/htdocs/novel/ThinkPHP/Lib/Template/ThinkTemplate.class.php 第 404 行.
NOTIC: [8192] preg_replace(): The /e modifier is deprecated, use preg_replace_callback instead /Applications/MAMP/htdocs/novel/ThinkPHP/Lib/Template/ThinkTemplate.class.php 第 404 行.
NOTIC: [8192] preg_replace(): The /e modifier is deprecated, use preg_replace_callback instead /Applications/MAMP/htdocs/novel/ThinkPHP/Lib/Template/ThinkTemplate.class.php 第 404 行.
NOTIC: [8192] preg_replace(): The /e modifier is deprecated, use preg_replace_callback instead /Applications/MAMP/htdocs/novel/ThinkPHP/Lib/Template/ThinkTemplate.class.php 第 404 行.
NOTIC: [8192] preg_replace(): The /e modifier is deprecated, use preg_replace_callback instead /Applications/MAMP/htdocs/novel/ThinkPHP/Lib/Template/ThinkTemplate.class.php 第 404 行.
NOTIC: [8192] preg_replace(): The /e modifier is deprecated, use preg_replace_callback instead /Applications/MAMP/htdocs/novel/ThinkPHP/Lib/Template/ThinkTemplate.class.php 第 404 行.
NOTIC: [8192] preg_replace(): The /e modifier is deprecated, use preg_replace_callback instead /Applications/MAMP/htdocs/novel/ThinkPHP/Lib/Template/ThinkTemplate.class.php 第 404 行.
NOTIC: [8192] preg_replace(): The /e modifier is deprecated, use preg_replace_callback instead /Applications/MAMP/htdocs/novel/ThinkPHP/Lib/Template/ThinkTemplate.class.php 第 404 行.
NOTIC: [8192] preg_replace(): The /e modifier is deprecated, use preg_replace_callback instead /Applications/MAMP/htdocs/novel/ThinkPHP/Lib/Template/ThinkTemplate.class.php 第 404 行.
NOTIC: [8192] preg_replace(): The /e modifier is deprecated, use preg_replace_callback instead /Applications/MAMP/htdocs/novel/ThinkPHP/Lib/Template/ThinkTemplate.class.php 第 404 行.
NOTIC: [8192] preg_replace(): The /e modifier is deprecated, use preg_replace_callback instead /Applications/MAMP/htdocs/novel/ThinkPHP/Lib/Template/ThinkTemplate.class.php 第 404 行.
NOTIC: [8192] preg_replace(): The /e modifier is deprecated, use preg_replace_callback instead /Applications/MAMP/htdocs/novel/ThinkPHP/Lib/Template/ThinkTemplate.class.php 第 404 行.
NOTIC: [8192] preg_replace(): The /e modifier is deprecated, use preg_replace_callback instead /Applications/MAMP/htdocs/novel/ThinkPHP/Lib/Template/ThinkTemplate.class.php 第 404 行.
NOTIC: [8192] preg_replace(): The /e modifier is deprecated, use preg_replace_callback instead /Applications/MAMP/htdocs/novel/ThinkPHP/Lib/Template/ThinkTemplate.class.php 第 404 行.
NOTIC: [8192] preg_replace(): The /e modifier is deprecated, use preg_replace_callback instead /Applications/MAMP/htdocs/novel/ThinkPHP/Lib/Template/ThinkTemplate.class.php 第 404 行.
NOTIC: [8192] preg_replace(): The /e modifier is deprecated, use preg_replace_callback instead /Applications/MAMP/htdocs/novel/ThinkPHP/Lib/Template/ThinkTemplate.class.php 第 404 行.
NOTIC: [8192] preg_replace(): The /e modifier is deprecated, use preg_replace_callback instead /Applications/MAMP/htdocs/novel/ThinkPHP/Lib/Template/ThinkTemplate.class.php 第 404 行.
NOTIC: [8192] preg_replace(): The /e modifier is deprecated, use preg_replace_callback instead /Applications/MAMP/htdocs/novel/ThinkPHP/Lib/Template/ThinkTemplate.class.php 第 399 行.
NOTIC: [8192] preg_replace(): The /e modifier is deprecated, use preg_replace_callback instead /Applications/MAMP/htdocs/novel/ThinkPHP/Lib/Template/ThinkTemplate.class.php 第 399 行.
NOTIC: [8192] preg_replace(): The /e modifier is deprecated, use preg_replace_callback instead /Applications/MAMP/htdocs/novel/ThinkPHP/Lib/Template/ThinkTemplate.class.php 第 399 行.
NOTIC: [8192] preg_replace(): The /e modifier is deprecated, use preg_replace_callback instead /Applications/MAMP/htdocs/novel/ThinkPHP/Lib/Template/ThinkTemplate.class.php 第 399 行.
NOTIC: [8192] preg_replace(): The /e modifier is deprecated, use preg_replace_callback instead /Applications/MAMP/htdocs/novel/ThinkPHP/Lib/Template/ThinkTemplate.class.php 第 399 行.
NOTIC: [8192] preg_replace(): The /e modifier is deprecated, use preg_replace_callback instead /Applications/MAMP/htdocs/novel/ThinkPHP/Lib/Template/ThinkTemplate.class.php 第 399 行.
NOTIC: [8192] preg_replace(): The /e modifier is deprecated, use preg_replace_callback instead /Applications/MAMP/htdocs/novel/ThinkPHP/Lib/Template/ThinkTemplate.class.php 第 404 行.
NOTIC: [8192] preg_replace(): The /e modifier is deprecated, use preg_replace_callback instead /Applications/MAMP/htdocs/novel/ThinkPHP/Lib/Template/ThinkTemplate.class.php 第 404 行.
NOTIC: [8192] preg_replace(): The /e modifier is deprecated, use preg_replace_callback instead /Applications/MAMP/htdocs/novel/ThinkPHP/Lib/Template/ThinkTemplate.class.php 第 404 行.
NOTIC: [8192] preg_replace(): The /e modifier is deprecated, use preg_replace_callback instead /Applications/MAMP/htdocs/novel/ThinkPHP/Lib/Template/ThinkTemplate.class.php 第 197 行.
NOTIC: [8192] preg_replace(): The /e modifier is deprecated, use preg_replace_callback instead /Applications/MAMP/htdocs/novel/ThinkPHP/Lib/Template/ThinkTemplate.class.php 第 404 行.
NOTIC: [8192] preg_replace(): The /e modifier is deprecated, use preg_replace_callback instead /Applications/MAMP/htdocs/novel/ThinkPHP/Lib/Template/ThinkTemplate.class.php 第 404 行.
NOTIC: [8192] preg_replace(): The /e modifier is deprecated, use preg_replace_callback instead /Applications/MAMP/htdocs/novel/ThinkPHP/Lib/Template/ThinkTemplate.class.php 第 404 行.
NOTIC: [8192] preg_replace(): The /e modifier is deprecated, use preg_replace_callback instead /Applications/MAMP/htdocs/novel/ThinkPHP/Lib/Template/ThinkTemplate.class.php 第 399 行.
NOTIC: [8192] preg_replace(): The /e modifier is deprecated, use preg_replace_callback instead /Applications/MAMP/htdocs/novel/ThinkPHP/Lib/Template/ThinkTemplate.class.php 第 399 行.
NOTIC: [8192] preg_replace(): The /e modifier is deprecated, use preg_replace_callback instead /Applications/MAMP/htdocs/novel/ThinkPHP/Lib/Template/ThinkTemplate.class.php 第 404 行.
NOTIC: [8192] preg_replace(): The /e modifier is deprecated, use preg_replace_callback instead /Applications/MAMP/htdocs/novel/ThinkPHP/Lib/Template/ThinkTemplate.class.php 第 404 行.
NOTIC: [8192] preg_replace(): The /e modifier is deprecated, use preg_replace_callback instead /Applications/MAMP/htdocs/novel/ThinkPHP/Lib/Template/ThinkTemplate.class.php 第 404 行.
NOTIC: [8192] preg_replace(): The /e modifier is deprecated, use preg_replace_callback instead /Applications/MAMP/htdocs/novel/ThinkPHP/Lib/Template/ThinkTemplate.class.php 第 399 行.
NOTIC: [8192] preg_replace(): The /e modifier is deprecated, use preg_replace_callback instead /Applications/MAMP/htdocs/novel/ThinkPHP/Lib/Template/ThinkTemplate.class.php 第 404 行.
NOTIC: [8192] preg_replace(): The /e modifier is deprecated, use preg_replace_callback instead /Applications/MAMP/htdocs/novel/ThinkPHP/Lib/Template/ThinkTemplate.class.php 第 404 行.
NOTIC: [8192] preg_replace(): The /e modifier is deprecated, use preg_replace_callback instead /Applications/MAMP/htdocs/novel/ThinkPHP/Lib/Template/ThinkTemplate.class.php 第 404 行.
NOTIC: [8192] preg_replace(): The /e modifier is deprecated, use preg_replace_callback instead /Applications/MAMP/htdocs/novel/ThinkPHP/Lib/Template/ThinkTemplate.class.php 第 404 行.
NOTIC: [8192] preg_replace(): The /e modifier is deprecated, use preg_replace_callback instead /Applications/MAMP/htdocs/novel/ThinkPHP/Lib/Template/ThinkTemplate.class.php 第 404 行.
NOTIC: [8192] preg_replace(): The /e modifier is deprecated, use preg_replace_callback instead /Applications/MAMP/htdocs/novel/ThinkPHP/Lib/Template/ThinkTemplate.class.php 第 404 行.
NOTIC: [8192] preg_replace(): The /e modifier is deprecated, use preg_replace_callback instead /Applications/MAMP/htdocs/novel/ThinkPHP/Lib/Template/ThinkTemplate.class.php 第 404 行.
NOTIC: [8192] preg_replace(): The /e modifier is deprecated, use preg_replace_callback instead /Applications/MAMP/htdocs/novel/ThinkPHP/Lib/Template/ThinkTemplate.class.php 第 404 行.
NOTIC: [8192] preg_replace(): The /e modifier is deprecated, use preg_replace_callback instead /Applications/MAMP/htdocs/novel/ThinkPHP/Lib/Template/ThinkTemplate.class.php 第 404 行.
NOTIC: [8192] preg_replace(): The /e modifier is deprecated, use preg_replace_callback instead /Applications/MAMP/htdocs/novel/ThinkPHP/Lib/Template/ThinkTemplate.class.php 第 404 行.
NOTIC: [8192] preg_replace(): The /e modifier is deprecated, use preg_replace_callback instead /Applications/MAMP/htdocs/novel/ThinkPHP/Lib/Template/ThinkTemplate.class.php 第 404 行.
NOTIC: [8192] preg_replace(): The /e modifier is deprecated, use preg_replace_callback instead /Applications/MAMP/htdocs/novel/ThinkPHP/Lib/Template/ThinkTemplate.class.php 第 404 行.
NOTIC: [8192] preg_replace(): The /e modifier is deprecated, use preg_replace_callback instead /Applications/MAMP/htdocs/novel/ThinkPHP/Lib/Template/ThinkTemplate.class.php 第 404 行.
NOTIC: [8192] preg_replace(): The /e modifier is deprecated, use preg_replace_callback instead /Applications/MAMP/htdocs/novel/ThinkPHP/Lib/Template/ThinkTemplate.class.php 第 404 行.
NOTIC: [8192] preg_replace(): The /e modifier is deprecated, use preg_replace_callback instead /Applications/MAMP/htdocs/novel/ThinkPHP/Lib/Template/ThinkTemplate.class.php 第 404 行.
NOTIC: [8192] preg_replace(): The /e modifier is deprecated, use preg_replace_callback instead /Applications/MAMP/htdocs/novel/ThinkPHP/Lib/Template/ThinkTemplate.class.php 第 404 行.
NOTIC: [8192] preg_replace(): The /e modifier is deprecated, use preg_replace_callback instead /Applications/MAMP/htdocs/novel/ThinkPHP/Lib/Template/ThinkTemplate.class.php 第 404 行.
NOTIC: [8192] preg_replace(): The /e modifier is deprecated, use preg_replace_callback instead /Applications/MAMP/htdocs/novel/ThinkPHP/Lib/Template/ThinkTemplate.class.php 第 404 行.
NOTIC: [8192] preg_replace(): The /e modifier is deprecated, use preg_replace_callback instead /Applications/MAMP/htdocs/novel/ThinkPHP/Lib/Template/ThinkTemplate.class.php 第 404 行.
NOTIC: [8192] preg_replace(): The /e modifier is deprecated, use preg_replace_callback instead /Applications/MAMP/htdocs/novel/ThinkPHP/Lib/Template/ThinkTemplate.class.php 第 404 行.
NOTIC: [8192] preg_replace(): The /e modifier is deprecated, use preg_replace_callback instead /Applications/MAMP/htdocs/novel/ThinkPHP/Lib/Template/ThinkTemplate.class.php 第 404 行.
NOTIC: [8192] preg_replace(): The /e modifier is deprecated, use preg_replace_callback instead /Applications/MAMP/htdocs/novel/ThinkPHP/Lib/Template/ThinkTemplate.class.php 第 404 行.
NOTIC: [8192] preg_replace(): The /e modifier is deprecated, use preg_replace_callback instead /Applications/MAMP/htdocs/novel/ThinkPHP/Lib/Template/ThinkTemplate.class.php 第 404 行.
NOTIC: [8192] preg_replace(): The /e modifier is deprecated, use preg_replace_callback instead /Applications/MAMP/htdocs/novel/ThinkPHP/Lib/Template/ThinkTemplate.class.php 第 404 行.
NOTIC: [8192] preg_replace(): The /e modifier is deprecated, use preg_replace_callback instead /Applications/MAMP/htdocs/novel/ThinkPHP/Lib/Template/ThinkTemplate.class.php 第 404 行.
NOTIC: [8192] preg_replace(): The /e modifier is deprecated, use preg_replace_callback instead /Applications/MAMP/htdocs/novel/ThinkPHP/Lib/Template/ThinkTemplate.class.php 第 404 行.
NOTIC: [8192] preg_replace(): The /e modifier is deprecated, use preg_replace_callback instead /Applications/MAMP/htdocs/novel/ThinkPHP/Lib/Template/ThinkTemplate.class.php 第 404 行.
NOTIC: [8192] preg_replace(): The /e modifier is deprecated, use preg_replace_callback instead /Applications/MAMP/htdocs/novel/ThinkPHP/Lib/Template/ThinkTemplate.class.php 第 404 行.
NOTIC: [8192] preg_replace(): The /e modifier is deprecated, use preg_replace_callback instead /Applications/MAMP/htdocs/novel/ThinkPHP/Lib/Template/ThinkTemplate.class.php 第 404 行.
NOTIC: [8192] preg_replace(): The /e modifier is deprecated, use preg_replace_callback instead /Applications/MAMP/htdocs/novel/ThinkPHP/Lib/Template/ThinkTemplate.class.php 第 404 行.
NOTIC: [8192] preg_replace(): The /e modifier is deprecated, use preg_replace_callback instead /Applications/MAMP/htdocs/novel/ThinkPHP/Lib/Template/ThinkTemplate.class.php 第 404 行.
NOTIC: [8192] preg_replace(): The /e modifier is deprecated, use preg_replace_callback instead /Applications/MAMP/htdocs/novel/ThinkPHP/Lib/Template/ThinkTemplate.class.php 第 404 行.
NOTIC: [8192] preg_replace(): The /e modifier is deprecated, use preg_replace_callback instead /Applications/MAMP/htdocs/novel/ThinkPHP/Lib/Template/ThinkTemplate.class.php 第 404 行.
NOTIC: [8192] preg_replace(): The /e modifier is deprecated, use preg_replace_callback instead /Applications/MAMP/htdocs/novel/ThinkPHP/Lib/Template/ThinkTemplate.class.php 第 404 行.
NOTIC: [8192] preg_replace(): The /e modifier is deprecated, use preg_replace_callback instead /Applications/MAMP/htdocs/novel/ThinkPHP/Lib/Template/ThinkTemplate.class.php 第 404 行.
NOTIC: [8192] preg_replace(): The /e modifier is deprecated, use preg_replace_callback instead /Applications/MAMP/htdocs/novel/ThinkPHP/Lib/Template/ThinkTemplate.class.php 第 404 行.
NOTIC: [8192] preg_replace(): The /e modifier is deprecated, use preg_replace_callback instead /Applications/MAMP/htdocs/novel/ThinkPHP/Lib/Template/ThinkTemplate.class.php 第 404 行.
NOTIC: [8192] preg_replace(): The /e modifier is deprecated, use preg_replace_callback instead /Applications/MAMP/htdocs/novel/ThinkPHP/Lib/Template/ThinkTemplate.class.php 第 404 行.
NOTIC: [8192] preg_replace(): The /e modifier is deprecated, use preg_replace_callback instead /Applications/MAMP/htdocs/novel/ThinkPHP/Lib/Template/ThinkTemplate.class.php 第 404 行.
NOTIC: [8192] preg_replace(): The /e modifier is deprecated, use preg_replace_callback instead /Applications/MAMP/htdocs/novel/ThinkPHP/Lib/Template/ThinkTemplate.class.php 第 404 行.
NOTIC: [8192] preg_replace(): The /e modifier is deprecated, use preg_replace_callback instead /Applications/MAMP/htdocs/novel/ThinkPHP/Lib/Template/ThinkTemplate.class.php 第 404 行.
NOTIC: [8192] preg_replace(): The /e modifier is deprecated, use preg_replace_callback instead /Applications/MAMP/htdocs/novel/ThinkPHP/Lib/Template/ThinkTemplate.class.php 第 404 行.
NOTIC: [8192] preg_replace(): The /e modifier is deprecated, use preg_replace_callback instead /Applications/MAMP/htdocs/novel/ThinkPHP/Lib/Template/ThinkTemplate.class.php 第 404 行.
NOTIC: [8192] preg_replace(): The /e modifier is deprecated, use preg_replace_callback instead /Applications/MAMP/htdocs/novel/ThinkPHP/Lib/Template/ThinkTemplate.class.php 第 404 行.
NOTIC: [8192] preg_replace(): The /e modifier is deprecated, use preg_replace_callback instead /Applications/MAMP/htdocs/novel/ThinkPHP/Lib/Template/ThinkTemplate.class.php 第 404 行.
NOTIC: [8192] preg_replace(): The /e modifier is deprecated, use preg_replace_callback instead /Applications/MAMP/htdocs/novel/ThinkPHP/Lib/Template/ThinkTemplate.class.php 第 404 行.
NOTIC: [8192] preg_replace(): The /e modifier is deprecated, use preg_replace_callback instead /Applications/MAMP/htdocs/novel/ThinkPHP/Lib/Template/ThinkTemplate.class.php 第 404 行.
NOTIC: [8192] preg_replace(): The /e modifier is deprecated, use preg_replace_callback instead /Applications/MAMP/htdocs/novel/ThinkPHP/Lib/Template/ThinkTemplate.class.php 第 404 行.
NOTIC: [8192] preg_replace(): The /e modifier is deprecated, use preg_replace_callback instead /Applications/MAMP/htdocs/novel/ThinkPHP/Lib/Template/ThinkTemplate.class.php 第 404 行.
NOTIC: [8192] preg_replace(): The /e modifier is deprecated, use preg_replace_callback instead /Applications/MAMP/htdocs/novel/ThinkPHP/Lib/Template/ThinkTemplate.class.php 第 404 行.
NOTIC: [8192] preg_replace(): The /e modifier is deprecated, use preg_replace_callback instead /Applications/MAMP/htdocs/novel/ThinkPHP/Lib/Template/ThinkTemplate.class.php 第 404 行.
NOTIC: [8192] preg_replace(): The /e modifier is deprecated, use preg_replace_callback instead /Applications/MAMP/htdocs/novel/ThinkPHP/Lib/Template/ThinkTemplate.class.php 第 404 行.
NOTIC: [8192] preg_replace(): The /e modifier is deprecated, use preg_replace_callback instead /Applications/MAMP/htdocs/novel/ThinkPHP/Lib/Template/ThinkTemplate.class.php 第 404 行.
NOTIC: [8192] preg_replace(): The /e modifier is deprecated, use preg_replace_callback instead /Applications/MAMP/htdocs/novel/ThinkPHP/Lib/Template/ThinkTemplate.class.php 第 404 行.
NOTIC: [8192] preg_replace(): The /e modifier is deprecated, use preg_replace_callback instead /Applications/MAMP/htdocs/novel/ThinkPHP/Lib/Template/ThinkTemplate.class.php 第 404 行.
NOTIC: [8192] preg_replace(): The /e modifier is deprecated, use preg_replace_callback instead /Applications/MAMP/htdocs/novel/ThinkPHP/Lib/Template/ThinkTemplate.class.php 第 404 行.
NOTIC: [8192] preg_replace(): The /e modifier is deprecated, use preg_replace_callback instead /Applications/MAMP/htdocs/novel/ThinkPHP/Lib/Template/ThinkTemplate.class.php 第 404 行.
NOTIC: [8192] preg_replace(): The /e modifier is deprecated, use preg_replace_callback instead /Applications/MAMP/htdocs/novel/ThinkPHP/Lib/Template/ThinkTemplate.class.php 第 404 行.
NOTIC: [8192] preg_replace(): The /e modifier is deprecated, use preg_replace_callback instead /Applications/MAMP/htdocs/novel/ThinkPHP/Lib/Template/ThinkTemplate.class.php 第 404 行.
NOTIC: [8192] preg_replace(): The /e modifier is deprecated, use preg_replace_callback instead /Applications/MAMP/htdocs/novel/ThinkPHP/Lib/Template/ThinkTemplate.class.php 第 404 行.
NOTIC: [8192] preg_replace(): The /e modifier is deprecated, use preg_replace_callback instead /Applications/MAMP/htdocs/novel/ThinkPHP/Lib/Template/ThinkTemplate.class.php 第 404 行.
NOTIC: [8192] preg_replace(): The /e modifier is deprecated, use preg_replace_callback instead /Applications/MAMP/htdocs/novel/ThinkPHP/Lib/Template/ThinkTemplate.class.php 第 404 行.
NOTIC: [8192] preg_replace(): The /e modifier is deprecated, use preg_replace_callback instead /Applications/MAMP/htdocs/novel/ThinkPHP/Lib/Template/ThinkTemplate.class.php 第 404 行.
NOTIC: [8192] preg_replace(): The /e modifier is deprecated, use preg_replace_callback instead /Applications/MAMP/htdocs/novel/ThinkPHP/Lib/Template/ThinkTemplate.class.php 第 404 行.
NOTIC: [8192] preg_replace(): The /e modifier is deprecated, use preg_replace_callback instead /Applications/MAMP/htdocs/novel/ThinkPHP/Lib/Template/ThinkTemplate.class.php 第 404 行.
NOTIC: [8192] preg_replace(): The /e modifier is deprecated, use preg_replace_callback instead /Applications/MAMP/htdocs/novel/ThinkPHP/Lib/Template/ThinkTemplate.class.php 第 404 行.
NOTIC: [8192] preg_replace(): The /e modifier is deprecated, use preg_replace_callback instead /Applications/MAMP/htdocs/novel/ThinkPHP/Lib/Template/ThinkTemplate.class.php 第 399 行.
NOTIC: [8192] preg_replace(): The /e modifier is deprecated, use preg_replace_callback instead /Applications/MAMP/htdocs/novel/ThinkPHP/Lib/Template/ThinkTemplate.class.php 第 399 行.
NOTIC: [8192] preg_replace(): The /e modifier is deprecated, use preg_replace_callback instead /Applications/MAMP/htdocs/novel/ThinkPHP/Lib/Template/ThinkTemplate.class.php 第 399 行.
NOTIC: [8192] preg_replace(): The /e modifier is deprecated, use preg_replace_callback instead /Applications/MAMP/htdocs/novel/ThinkPHP/Lib/Template/ThinkTemplate.class.php 第 399 行.
NOTIC: [8192] preg_replace(): The /e modifier is deprecated, use preg_replace_callback instead /Applications/MAMP/htdocs/novel/ThinkPHP/Lib/Template/ThinkTemplate.class.php 第 399 行.
NOTIC: [8192] preg_replace(): The /e modifier is deprecated, use preg_replace_callback instead /Applications/MAMP/htdocs/novel/ThinkPHP/Lib/Template/ThinkTemplate.class.php 第 399 行.
NOTIC: [8192] preg_replace(): The /e modifier is deprecated, use preg_replace_callback instead /Applications/MAMP/htdocs/novel/ThinkPHP/Lib/Template/ThinkTemplate.class.php 第 404 行.
NOTIC: [8192] preg_replace(): The /e modifier is deprecated, use preg_replace_callback instead /Applications/MAMP/htdocs/novel/ThinkPHP/Lib/Template/ThinkTemplate.class.php 第 404 行.
NOTIC: [8192] preg_replace(): The /e modifier is deprecated, use preg_replace_callback instead /Applications/MAMP/htdocs/novel/ThinkPHP/Lib/Template/ThinkTemplate.class.php 第 404 行.
NOTIC: [8192] preg_replace(): The /e modifier is deprecated, use preg_replace_callback instead /Applications/MAMP/htdocs/novel/ThinkPHP/Lib/Template/ThinkTemplate.class.php 第 197 行.
NOTIC: [8192] preg_replace(): The /e modifier is deprecated, use preg_replace_callback instead /Applications/MAMP/htdocs/novel/ThinkPHP/Lib/Template/ThinkTemplate.class.php 第 137 行.
INFO: Run ParseTemplate Behavior [ RunTime:0.021594s ]
INFO: [ view_parse ] --END-- [ RunTime:0.021696s ]
INFO: [ view_filter ] --START--
INFO: Run ContentReplace Behavior [ RunTime:0.000306s ]
INFO: Run TokenBuild Behavior [ RunTime:0.000376s ]
INFO: Run WriteHtmlCache Behavior [ RunTime:0.000235s ]
INFO: Run ShowRuntime Behavior [ RunTime:0.000414s ]
INFO: [ view_filter ] --END-- [ RunTime:0.001672s ]
INFO: [ view_end ] --START--
INFO: Run ShowPageTrace Behavior [ RunTime:0.000493s ]
INFO: [ view_end ] --END-- [ RunTime:0.000583s ]

